# do {tb_compile.do}
# ** Warning: (vlib-34) Library already exists at "questa_lib/work".
# ** Warning: (vlib-34) Library already exists at "questa_lib/msim".
# ** Warning: (vlib-34) Library already exists at "questa_lib/msim/xil_defaultlib".
# QuestaSim-64 vmap 10.6c Lib Mapping Utility 2017.07 Jul 26 2017
# vmap xil_defaultlib questa_lib/msim/xil_defaultlib 
# Modifying modelsim.ini
# ** Warning: (vlog-159) Mode option -64 is not supported in this context and will be ignored.
# QuestaSim-64 vlog 10.6c Compiler 2017.07 Jul 26 2017
# Start time: 17:00:00 on Feb 12,2023
# vlog -64 -incr -work xil_defaultlib ../../../../../../src/rtl/HDMI_top.v ../../../../../../src/rtl/display.v ../../../../../../src/rtl/serializer.v ../../../../../../src/rtl/tmds_encoder.v ../../../../../../src/rtl/top.v 
# -- Skipping module HDMI_top
# -- Compiling module display_hvscan
# -- Skipping module display_control
# -- Skipping module display_buffer
# -- Skipping module serializer
# -- Skipping module tmds_encoder
# -- Compiling module top
# 
# Top level modules:
# 	top
# End time: 17:00:00 on Feb 12,2023, Elapsed time: 0:00:00
# Errors: 0, Warnings: 1
# ** Warning: (vlog-159) Mode option -64 is not supported in this context and will be ignored.
# QuestaSim-64 vlog 10.6c Compiler 2017.07 Jul 26 2017
# Start time: 17:00:00 on Feb 12,2023
# vlog -64 -incr -sv -work xil_defaultlib ../../../../../../src/sim/tb.sv 
# -- Skipping module tb
# 
# Top level modules:
# 	tb
# End time: 17:00:00 on Feb 12,2023, Elapsed time: 0:00:00
# Errors: 0, Warnings: 1
# QuestaSim-64 vlog 10.6c Compiler 2017.07 Jul 26 2017
# Start time: 17:00:00 on Feb 12,2023
# vlog -work xil_defaultlib glbl.v 
# -- Compiling module glbl
# 
# Top level modules:
# 	glbl
# End time: 17:00:00 on Feb 12,2023, Elapsed time: 0:00:00
# Errors: 0, Warnings: 0
