# do {tb_fifo_compile.do}
# ** Warning: (vlib-34) Library already exists at "questa_lib/work".
# ** Warning: (vlib-34) Library already exists at "questa_lib/msim".
# ** Warning: (vlib-34) Library already exists at "questa_lib/msim/xil_defaultlib".
# QuestaSim-64 vmap 10.6c Lib Mapping Utility 2017.07 Jul 26 2017
# vmap xil_defaultlib questa_lib/msim/xil_defaultlib 
# Modifying D:\Xilinx\Vivado\2018.3\lib\modelsim.ini
# ** Warning: (vlog-159) Mode option -64 is not supported in this context and will be ignored.
# QuestaSim-64 vlog 10.6c Compiler 2017.07 Jul 26 2017
# Start time: 13:10:17 on Jan 01,2023
# vlog -64 -incr -work xil_defaultlib "+incdir+../../../../ip_cores.srcs/sources_1/ip/pll_ip" ../../../../ip_cores.ip_user_files/ip/dfifo_1/sim/dfifo_1.v ../../../../ip_cores.srcs/sources_1/new/fifo.v 
# -- Compiling module dfifo_1
# -- Compiling module fifo
# 
# Top level modules:
# 	fifo
# End time: 13:10:17 on Jan 01,2023, Elapsed time: 0:00:00
# Errors: 0, Warnings: 1
# ** Warning: (vlog-159) Mode option -64 is not supported in this context and will be ignored.
# QuestaSim-64 vlog 10.6c Compiler 2017.07 Jul 26 2017
# Start time: 13:10:17 on Jan 01,2023
# vlog -64 -incr -sv -work xil_defaultlib "+incdir+../../../../ip_cores.srcs/sources_1/ip/pll_ip" ../../../../ip_cores.srcs/sim_1/new/tb_fifo/rpt_pkg.sv ../../../../ip_cores.srcs/sim_1/new/tb_fifo/access_pkg.sv ../../../../ip_cores.srcs/sim_1/new/tb_fifo/checker_pkg.sv ../../../../ip_cores.srcs/sim_1/new/tb_fifo/test_pkg.sv ../../../../ip_cores.srcs/sim_1/new/tb_fifo/tb_fifo.sv 
# -- Compiling package rpt_pkg
# -- Compiling package access_pkg
# -- Compiling package checker_pkg
# -- Compiling package test_pkg
# -- Compiling interface read_intf
# -- Compiling interface write_intf
# -- Compiling module tb_fifo
# 
# Top level modules:
# 	tb_fifo
# End time: 13:10:18 on Jan 01,2023, Elapsed time: 0:00:01
# Errors: 0, Warnings: 1
# QuestaSim-64 vlog 10.6c Compiler 2017.07 Jul 26 2017
# Start time: 13:10:18 on Jan 01,2023
# vlog -work xil_defaultlib glbl.v 
# -- Compiling module glbl
# 
# Top level modules:
# 	glbl
# End time: 13:10:18 on Jan 01,2023, Elapsed time: 0:00:00
# Errors: 0, Warnings: 0
