# do {tb_beep_compile.do}
# ** Warning: (vlib-34) Library already exists at "modelsim_lib/work".
# 
# ** Warning: (vlib-34) Library already exists at "modelsim_lib/msim".
# 
# ** Warning: (vlib-34) Library already exists at "modelsim_lib/msim/xil_defaultlib".
# 
# Model Technology ModelSim SE-64 vmap 10.4 Lib Mapping Utility 2014.12 Dec  3 2014
# vmap -modelsim_quiet xil_defaultlib modelsim_lib/msim/xil_defaultlib 
# Modifying modelsim.ini
# Model Technology ModelSim SE-64 vlog 10.4 Compiler 2014.12 Dec  3 2014
# Start time: 15:24:39 on Nov 29,2022
# vlog -64 -incr -work xil_defaultlib ../../../../0001_project_beep.srcs/sources_1/new/beep.v ../../../../0001_project_beep.srcs/sources_1/new/key_press.v ../../../../0001_project_beep.srcs/sources_1/new/pwm_gen.v ../../../../0001_project_beep.srcs/sim_1/new/tb_beep.v 
# -- Skipping module beep
# -- Skipping module key_press
# -- Skipping module pwm_gen
# -- Skipping module tb_beep
# 
# Top level modules:
# 	tb_beep
# End time: 15:24:39 on Nov 29,2022, Elapsed time: 0:00:00
# Errors: 0, Warnings: 0
# Model Technology ModelSim SE-64 vlog 10.4 Compiler 2014.12 Dec  3 2014
# Start time: 15:24:39 on Nov 29,2022
# vlog -work xil_defaultlib glbl.v 
# -- Compiling module glbl
# 
# Top level modules:
# 	glbl
# End time: 15:24:39 on Nov 29,2022, Elapsed time: 0:00:00
# Errors: 0, Warnings: 0
