# do {tb_lcd_display_compile.do}
# ** Warning: (vlib-34) Library already exists at "questa_lib/work".
# ** Warning: (vlib-34) Library already exists at "questa_lib/msim".
# ** Warning: (vlib-34) Library already exists at "questa_lib/msim/xil_defaultlib".
# QuestaSim-64 vmap 10.6c Lib Mapping Utility 2017.07 Jul 26 2017
# vmap xil_defaultlib questa_lib/msim/xil_defaultlib 
# Modifying modelsim.ini
# ** Warning: (vlog-159) Mode option -64 is not supported in this context and will be ignored.
# QuestaSim-64 vlog 10.6c Compiler 2017.07 Jul 26 2017
# Start time: 15:38:33 on Feb 08,2023
# vlog -64 -incr -work xil_defaultlib ../../../../../../src/rtl/display.v ../../../../../../src/rtl/lcd_display.v 
# -- Skipping module display_hvscan
# -- Skipping module display_control
# -- Skipping module display_buffer
# -- Compiling module lcd_display
# 
# Top level modules:
# 	lcd_display
# End time: 15:38:33 on Feb 08,2023, Elapsed time: 0:00:00
# Errors: 0, Warnings: 1
# ** Warning: (vlog-159) Mode option -64 is not supported in this context and will be ignored.
# QuestaSim-64 vlog 10.6c Compiler 2017.07 Jul 26 2017
# Start time: 15:38:34 on Feb 08,2023
# vlog -64 -incr -sv -work xil_defaultlib ../../../../../../src/sim/rpt_pkg.sv ../../../../../../src/sim/lcd_pkg.sv ../../../../../../src/sim/tb_lcd_display.sv 
# -- Skipping package rpt_pkg
# -- Skipping package lcd_pkg
# -- Skipping interface lcd_interface
# -- Skipping module tb_lcd_display
# 
# Top level modules:
# 	tb_lcd_display
# End time: 15:38:34 on Feb 08,2023, Elapsed time: 0:00:00
# Errors: 0, Warnings: 1
# QuestaSim-64 vlog 10.6c Compiler 2017.07 Jul 26 2017
# Start time: 15:38:34 on Feb 08,2023
# vlog -work xil_defaultlib glbl.v 
# -- Compiling module glbl
# 
# Top level modules:
# 	glbl
# End time: 15:38:34 on Feb 08,2023, Elapsed time: 0:00:00
# Errors: 0, Warnings: 0
