# do {tb_fifo_compile.do}
# ** Warning: (vlib-34) Library already exists at "modelsim_lib/work".
# 
# ** Warning: (vlib-34) Library already exists at "modelsim_lib/msim".
# 
# ** Warning: (vlib-34) Library already exists at "modelsim_lib/msim/xil_defaultlib".
# 
# Model Technology ModelSim SE-64 vmap 10.4 Lib Mapping Utility 2014.12 Dec  3 2014
# vmap -modelsim_quiet xil_defaultlib modelsim_lib/msim/xil_defaultlib 
# Modifying D:\Xilinx\Vivado\2018.3\lib\modelsim.ini
# Model Technology ModelSim SE-64 vlog 10.4 Compiler 2014.12 Dec  3 2014
# Start time: 13:09:21 on Jan 01,2023
# vlog -64 -incr -work xil_defaultlib "+incdir+../../../../ip_cores.srcs/sources_1/ip/pll_ip" ../../../../ip_cores.ip_user_files/ip/dfifo_1/sim/dfifo_1.v ../../../../ip_cores.srcs/sources_1/new/fifo.v 
# -- Skipping module dfifo_1
# -- Skipping module fifo
# 
# Top level modules:
# 	fifo
# End time: 13:09:21 on Jan 01,2023, Elapsed time: 0:00:00
# Errors: 0, Warnings: 0
# Model Technology ModelSim SE-64 vlog 10.4 Compiler 2014.12 Dec  3 2014
# Start time: 13:09:21 on Jan 01,2023
# vlog -64 -incr -sv -work xil_defaultlib "+incdir+../../../../ip_cores.srcs/sources_1/ip/pll_ip" ../../../../ip_cores.srcs/sim_1/new/tb_fifo/rpt_pkg.sv ../../../../ip_cores.srcs/sim_1/new/tb_fifo/access_pkg.sv ../../../../ip_cores.srcs/sim_1/new/tb_fifo/checker_pkg.sv ../../../../ip_cores.srcs/sim_1/new/tb_fifo/test_pkg.sv ../../../../ip_cores.srcs/sim_1/new/tb_fifo/tb_fifo.sv 
# -- Skipping package rpt_pkg
# -- Skipping package access_pkg
# -- Skipping package checker_pkg
# -- Skipping package test_pkg
# -- Skipping interface read_intf
# -- Skipping interface write_intf
# -- Skipping module tb_fifo
# 
# Top level modules:
# 	tb_fifo
# End time: 13:09:21 on Jan 01,2023, Elapsed time: 0:00:00
# Errors: 0, Warnings: 0
# Model Technology ModelSim SE-64 vlog 10.4 Compiler 2014.12 Dec  3 2014
# Start time: 13:09:21 on Jan 01,2023
# vlog -work xil_defaultlib glbl.v 
# -- Compiling module glbl
# 
# Top level modules:
# 	glbl
# End time: 13:09:21 on Jan 01,2023, Elapsed time: 0:00:00
# Errors: 0, Warnings: 0
